"C:\Program Files\JetBrains\CLion 2019.3.2\bin\cmake\win\bin\cmake.exe" -DCMAKE_BUILD_TYPE=Debug -G "CodeBlocks - NMake Makefiles" C:\Users\kevin\source\C\AVXTest
-- The C compiler identification is MSVC 19.28.29913.0
-- The CXX compiler identification is MSVC 19.28.29913.0
-- Detecting C compiler ABI info
-- Detecting C compiler ABI info - failed
-- Check for working C compiler: C:/Program Files (x86)/Microsoft Visual Studio/2019/Community/VC/Tools/MSVC/14.28.29910/bin/Hostx64/x64/cl.exe
-- Check for working C compiler: C:/Program Files (x86)/Microsoft Visual Studio/2019/Community/VC/Tools/MSVC/14.28.29910/bin/Hostx64/x64/cl.exe - broken
CMake Error at C:/Program Files/JetBrains/CLion 2019.3.2/bin/cmake/win/share/cmake-3.19/Modules/CMakeTestCCompiler.cmake:66 (message):
  The C compiler

    "C:/Program Files (x86)/Microsoft Visual Studio/2019/Community/VC/Tools/MSVC/14.28.29910/bin/Hostx64/x64/cl.exe"

  is not able to compile a simple test program.

  It fails with the following output:

    Change Dir: C:/Users/kevin/source/C/AVXTest/cmake-build-debug/CMakeFiles/CMakeTmp
    
    Run Build Command(s):nmake /nologo cmTC_a0eac\fast && 	"C:\Program Files (x86)\Microsoft Visual Studio\2019\Community\VC\Tools\MSVC\14.28.29910\bin\HostX64\x64\nmake.exe"  -f CMakeFiles\cmTC_a0eac.dir\build.make /nologo -L                  CMakeFiles\cmTC_a0eac.dir\build
    Building C object CMakeFiles/cmTC_a0eac.dir/testCCompiler.c.obj
    	C:\PROGRA~2\MICROS~1\2019\COMMUN~1\VC\Tools\MSVC\14.28.29910\bin\Hostx64\x64\cl.exe @C:\Users\kevin\AppData\Local\Temp\nmB272.tmp
    testCCompiler.c
    Linking C executable cmTC_a0eac.exe
    	"C:\Program Files\JetBrains\CLion 2019.3.2\bin\cmake\win\bin\cmake.exe" -E vs_link_exe --intdir=CMakeFiles\cmTC_a0eac.dir --rc=C:\PROGRA~2\WI3CF2~1\10\bin\10.0.19041.0\x64\rc.exe --mt=C:\PROGRA~2\WI3CF2~1\10\bin\10.0.19041.0\x64\mt.exe --manifests -- C:\PROGRA~2\MICROS~1\2019\COMMUN~1\VC\Tools\MSVC\14.28.29910\bin\Hostx64\x64\link.exe /nologo @CMakeFiles\cmTC_a0eac.dir\objects1.rsp @C:\Users\kevin\AppData\Local\Temp\nmB2A2.tmp
    LINK Pass 1: command "C:\PROGRA~2\MICROS~1\2019\COMMUN~1\VC\Tools\MSVC\14.28.29910\bin\Hostx64\x64\link.exe /nologo @CMakeFiles\cmTC_a0eac.dir\objects1.rsp /out:cmTC_a0eac.exe /implib:cmTC_a0eac.lib /pdb:C:\Users\kevin\source\C\AVXTest\cmake-build-debug\CMakeFiles\CMakeTmp\cmTC_a0eac.pdb /version:0.0 /machine:x64 /debug /INCREMENTAL /subsystem:console kernel32.lib user32.lib gdi32.lib winspool.lib shell32.lib ole32.lib oleaut32.lib uuid.lib comdlg32.lib advapi32.lib /MANIFEST /MANIFESTFILE:CMakeFiles\cmTC_a0eac.dir/intermediate.manifest CMakeFiles\cmTC_a0eac.dir/manifest.res" failed (exit code 1120) with the following output:
    MSVCRTD.lib(utility_app.obj) : error LNK2019: unresolved external symbol __imp_RoInitialize referenced in function __scrt_initialize_winrt
    cmTC_a0eac.exe : fatal error LNK1120: 1 unresolved externals
    NMAKE : fatal error U1077: '"C:\Program Files\JetBrains\CLion 2019.3.2\bin\cmake\win\bin\cmake.exe"' : return code '0xffffffff'
    Stop.
    NMAKE : fatal error U1077: '"C:\Program Files (x86)\Microsoft Visual Studio\2019\Community\VC\Tools\MSVC\14.28.29910\bin\HostX64\x64\nmake.exe"' : return code '0x2'
    Stop.
    
    

  

  CMake will not be able to correctly generate this project.
Call Stack (most recent call first):
  CMakeLists.txt:2 (project)


-- Configuring incomplete, errors occurred!
See also "C:/Users/kevin/source/C/AVXTest/cmake-build-debug/CMakeFiles/CMakeOutput.log".
See also "C:/Users/kevin/source/C/AVXTest/cmake-build-debug/CMakeFiles/CMakeError.log".
